#
# A fatal error has been detected by the Java Runtime Environment:
#
#  Internal Error (javaClasses.cpp:129), pid=2264, tid=6820
#  fatal error: Invalid layout of preloaded class
#
# JRE version: 7.0_17-b02
# Java VM: Java HotSpot(TM) 64-Bit Server VM (23.7-b01 mixed mode windows-amd64 compressed oops)
# Failed to write core dump. Minidumps are not enabled by default on client versions of Windows
#
# If you would like to submit a bug report, please visit:
#   http://bugreport.sun.com/bugreport/crash.jsp
#

---------------  T H R E A D  ---------------

Current thread (0x00000000007cd800):  JavaThread "Unknown thread" [_thread_in_vm, id=6820, stack(0x00000000027a0000,0x00000000028a0000)]

Stack: [0x00000000027a0000,0x00000000028a0000]

---------------  P R O C E S S  ---------------

Java Threads: ( => current thread )

Other Threads:

=>0x00000000007cd800 (exited) JavaThread "Unknown thread" [_thread_in_vm, id=6820, stack(0x00000000027a0000,0x00000000028a0000)]

VM state:not at safepoint (not fully initialized)

VM Mutex/Monitor currently owned by a thread: None

GC Heap History (0 events):
No events

Deoptimization events (0 events):
No events

Internal exceptions (0 events):
No events

Events (10 events):
Event: 0.019 loading class 0x00000000023f18c0 done
Event: 0.019 loading class 0x00000000023b3d00 done
Event: 0.019 loading class 0x00000000023b3cd0
Event: 0.020 loading class 0x0000000002442940
Event: 0.020 loading class 0x0000000002442940 done
Event: 0.020 loading class 0x0000000002442980
Event: 0.020 loading class 0x0000000002442980 done
Event: 0.020 loading class 0x000000000b85e120
Event: 0.020 loading class 0x000000000b85e120 done
Event: 0.020 loading class 0x00000000023b3cd0 done


Dynamic libraries:
0x000000013fc50000 - 0x000000013fc83000 	C:\Program Files\Java\jre7\bin\javaw.exe
0x0000000076f20000 - 0x00000000770c9000 	C:\Windows\SYSTEM32\ntdll.dll
0x0000000070be0000 - 0x0000000070c2d000 	C:\Program Files\AVAST Software\Avast\snxhk64.dll
0x0000000076d00000 - 0x0000000076e1f000 	C:\Windows\system32\KERNEL32.dll
0x000007fefd5a0000 - 0x000007fefd60c000 	C:\Windows\system32\KERNELBASE.dll
0x000007fefde40000 - 0x000007fefdf1b000 	C:\Windows\system32\ADVAPI32.dll
0x000007fefe260000 - 0x000007fefe2ff000 	C:\Windows\system32\msvcrt.dll
0x000007fefd750000 - 0x000007fefd76f000 	C:\Windows\SYSTEM32\sechost.dll
0x000007fefe010000 - 0x000007fefe13d000 	C:\Windows\system32\RPCRT4.dll
0x0000000076e20000 - 0x0000000076f1a000 	C:\Windows\system32\USER32.dll
0x000007fefd830000 - 0x000007fefd897000 	C:\Windows\system32\GDI32.dll
0x000007fefd820000 - 0x000007fefd82e000 	C:\Windows\system32\LPK.dll
0x000007fefdab0000 - 0x000007fefdb79000 	C:\Windows\system32\USP10.dll
0x000007fefbc50000 - 0x000007fefbe44000 	C:\Windows\WinSxS\amd64_microsoft.windows.common-controls_6595b64144ccf1df_6.0.7601.17514_none_fa396087175ac9ac\COMCTL32.dll
0x000007fefe140000 - 0x000007fefe1b1000 	C:\Windows\system32\SHLWAPI.dll
0x000007fefdf20000 - 0x000007fefdf4e000 	C:\Windows\system32\IMM32.DLL
0x000007fefe390000 - 0x000007fefe499000 	C:\Windows\system32\MSCTF.dll
0x000000005cd40000 - 0x000000005ce11000 	C:\Program Files\Java\jre7\bin\msvcr100.dll
0x00000000525e0000 - 0x0000000052cff000 	C:\Program Files\Java\jre7\bin\server\jvm.dll
0x000007fef9d10000 - 0x000007fef9d19000 	C:\Windows\system32\WSOCK32.dll
0x000007fefd7d0000 - 0x000007fefd81d000 	C:\Windows\system32\WS2_32.dll
0x000007fefe380000 - 0x000007fefe388000 	C:\Windows\system32\NSI.dll
0x000007fefafb0000 - 0x000007fefafeb000 	C:\Windows\system32\WINMM.dll
0x00000000770e0000 - 0x00000000770e7000 	C:\Windows\system32\PSAPI.DLL
0x0000000071820000 - 0x000000007182f000 	C:\Program Files\Java\jre7\bin\verify.dll
0x00000000697f0000 - 0x0000000069818000 	C:\Program Files\Java\jre7\bin\java.dll
0x000000005a770000 - 0x000000005a7a5000 	C:\Program Files\Java\jre7\bin\jdwp.dll
0x0000000074090000 - 0x0000000074098000 	C:\Program Files\Java\jre7\bin\npt.dll
0x0000000069860000 - 0x0000000069875000 	C:\Program Files\Java\jre7\bin\zip.dll

VM Arguments:
jvm_args: -agentlib:jdwp=transport=dt_socket,suspend=y,address=localhost:3191 -Dfile.encoding=Cp1252 -Xbootclasspath:C:\Program Files (x86)\Android\android-sdk\platforms\android-18\android.jar;C:\Program Files (x86)\Android\android-sdk\add-ons\addon-google_apis-google-18\libs\effects.jar;C:\Program Files (x86)\Android\android-sdk\add-ons\addon-google_apis-google-18\libs\usb.jar;C:\Program Files (x86)\Android\android-sdk\add-ons\addon-google_apis-google-18\libs\maps.jar 
java_command: org.eclipse.jdt.internal.debug.ui.snippeteditor.ScrapbookMain file:/D:/Android+Projects/.metadata/.plugins/org.eclipse.core.resources/.projects/com.generic.readandbill/org.eclipse.jdt.debug.ui/ file:/D:/Android+Projects/com.generic.readandbill/bin/classes/ file:/D:/Android+Projects/com.generic.readandbill/libs/android-support-v4.jar
Launcher Type: SUN_STANDARD

Environment Variables:
PATH=C:\Program Files (x86)\NVIDIA Corporation\PhysX\Common;C:\Program Files\Common Files\Microsoft Shared\Windows Live;C:\Program Files (x86)\Embarcadero\RAD Studio\7.0\bin;C:\Program Files (x86)\Borland\Delphi7\Bin;C:\Program Files (x86)\Borland\Delphi7\Projects\Bpl\;C:\Windows\system32;C:\Windows;C:\Windows\System32\Wbem;C:\Windows\System32\WindowsPowerShell\v1.0\;C:\Program Files\Intel\WiFi\bin\;C:\Program Files\Common Files\Intel\WirelessCommon\;C:\Program Files (x86)\Common Files\Acronis\SnapAPI\;C:\Program Files (x86)\Microsoft SQL Server\90\Tools\binn\;C:\android-sdk-windows\tools;C:\Program Files\TortoiseSVN\bin;C:\Program Files (x86)\GtkSharp\2.12\bin;C:\Program Files\Microsoft\Web Platform Installer\;C:\Users\Public\Documents\RAD Studio\7.0\Bpl;\BPL;D:\BPL;C:\Program Files (x86)\PHP\v5.3;C:\Windows\System32\WindowsPowerShell\v1.0\;C:\Program Files (x86)\Microsoft ASP.NET\ASP.NET Web Pages\v1.0\;C:\Users\Erwin\AppData\Local\Smartbar\Application\;C:\Users\Erwin\AppData\Local\Smartbar\Application\;ommonProgramFiles\Microsoft Shared\Windows Live;C:\Users\Public\Documents\RAD Studio\7.0\Bpl;C:\Program Files\Intel\WiFi\bin\;C:\Program Files\Common Files\Intel\WirelessCommon\;\BPL;D:\BPL
USERNAME=Erwin
OS=Windows_NT
PROCESSOR_IDENTIFIER=Intel64 Family 6 Model 42 Stepping 7, GenuineIntel



---------------  S Y S T E M  ---------------

OS: Windows 7 , 64 bit Build 7601 Service Pack 1

CPU:total 4 (2 cores per cpu, 2 threads per core) family 6 model 42 stepping 7, cmov, cx8, fxsr, mmx, sse, sse2, sse3, ssse3, sse4.1, sse4.2, popcnt, avx, ht, tsc, tscinvbit

Memory: 4k page, physical 8365456k(3937380k free), swap 16729060k(10967572k free)

vm_info: Java HotSpot(TM) 64-Bit Server VM (23.7-b01) for windows-amd64 JRE (1.7.0_17-b02), built on Mar  1 2013 03:38:30 by "java_re" with unknown MS VC++:1600

time: Tue Aug 27 15:29:20 2013
elapsed time: 0 seconds

